MPASM 5.77  /USERS/GABRIELMILLER/MICROCHIPPR   3-28-2018  16:58:35         PAGE  1


LOC  OBJECT CODE     LINE SOURCE TEXT
  VALUE

                      00001 ;*******************************************************************************
                      00002 ;                                                                              *
                      00003 ;    Microchip licenses this software to you solely for use with Microchip     *
                      00004 ;    products. The software is owned by Microchip and/or its licensors, and is *
                      00005 ;    protected under applicable copyright laws.  All rights reserved.          *
                      00006 ;                                                                              *
                      00007 ;    This software and any accompanying information is for suggestion only.    *
                      00008 ;    It shall not be deemed to modify Microchip?s standard warranty for its    *
                      00009 ;    products.  It is your responsibility to ensure that this software meets   *
                      00010 ;    your requirements.                                                        *
                      00011 ;                                                                              *
                      00012 ;    SOFTWARE IS PROVIDED "AS IS".  MICROCHIP AND ITS LICENSORS EXPRESSLY      *
                      00013 ;    DISCLAIM ANY WARRANTY OF ANY KIND, WHETHER EXPRESS OR IMPLIED, INCLUDING  *
                      00014 ;    BUT NOT LIMITED TO, THE IMPLIED WARRANTIES OF MERCHANTABILITY, FITNESS    *
                      00015 ;    FOR A PARTICULAR PURPOSE, OR NON-INFRINGEMENT. IN NO EVENT SHALL          *
                      00016 ;    MICROCHIP OR ITS LICENSORS BE LIABLE FOR ANY INCIDENTAL, SPECIAL,         *
                      00017 ;    INDIRECT OR CONSEQUENTIAL DAMAGES, LOST PROFITS OR LOST DATA, HARM TO     *
                      00018 ;    YOUR EQUIPMENT, COST OF PROCUREMENT OF SUBSTITUTE GOODS, TECHNOLOGY OR    *
                      00019 ;    SERVICES, ANY CLAIMS BY THIRD PARTIES (INCLUDING BUT NOT LIMITED TO ANY   *
                      00020 ;    DEFENSE THEREOF), ANY CLAIMS FOR INDEMNITY OR CONTRIBUTION, OR OTHER      *
                      00021 ;    SIMILAR COSTS.                                                            *
                      00022 ;                                                                              *
                      00023 ;    To the fullest extend allowed by law, Microchip and its licensors         *
                      00024 ;    liability shall not exceed the amount of fee, if any, that you have paid  *
                      00025 ;    directly to Microchip to use this software.                               *
                      00026 ;                                                                              *
                      00027 ;    MICROCHIP PROVIDES THIS SOFTWARE CONDITIONALLY UPON YOUR ACCEPTANCE OF    *
                      00028 ;    THESE TERMS.                                                              *
                      00029 ;                                                                              *
                      00030 ;*******************************************************************************
                      00031 ;                                                                              *
                      00032 ;    Filename: SevenSegBaselineAsm.asm                                                                 *
                      00033 ;    Date: 3/24/18                                                                    *
                      00034 ;    File Version: 0.1                                                             *
                      00035 ;    Author: Gabriel Miller                                                                   *
                      00036 ;    Company:                                                                  *
                      00037 ;    Description: Turns a 7 seg display from 0-9 in 1 sec intervals                                     
                                                     *
                      00038 ;                                                                              *
                      00039 ;*******************************************************************************
                      00040 ;                                                                              *
                      00041 ;    Notes: In the MPLAB X Help, refer to the MPASM Assembler documentation    *
                      00042 ;    for information on assembly instructions.                                 *
                      00043 ;                                                                              *
                      00044 ;*******************************************************************************
                      00045 ;                                                                              *
                      00046 ;    Known Issues: This template is designed for relocatable code.  As such,   *
                      00047 ;    build errors such as "Directive only allowed when generating an object    *
                      00048 ;    file" will result when the 'Build in Absolute Mode' checkbox is selected  *
                      00049 ;    in the project properties.  Designing code in absolute mode is            *
                      00050 ;    antiquated - use relocatable mode.                                        *
                      00051 ;                                                                              *
                      00052 ;*******************************************************************************
MPASM 5.77  /USERS/GABRIELMILLER/MICROCHIPPR   3-28-2018  16:58:35         PAGE  2


LOC  OBJECT CODE     LINE SOURCE TEXT
  VALUE

                      00053 ;                                                                              *
                      00054 ;    Revision History:                                                         *
                      00055 ;                                                                              *
                      00056 ;*******************************************************************************
                      00057 
                      00058 
                      00059 
                      00060 ;*******************************************************************************
                      00061 ; Processor Inclusion
                      00062 ;*******************************************************************************
                      00063 
Warning[205]: Found directive in column 1. (list)
                      00064 list p=16F506
                      00065 #include <p16F506.inc>
                      00001         LIST
                      00002 
                      00003 ;==========================================================================
                      00004 ; Build date : Nov 22 2017
                      00005 ;  MPASM PIC16F506 processor include
                      00006 ; 
                      00007 ;  (c) Copyright 1999-2017 Microchip Technology, All rights reserved
                      00008 ;==========================================================================
                      00009 
                      00243         LIST
                      00066     
                      00067 #include <generalmacros.inc>
                      00001 ; DelayMS ms
                      00002 ; Waits for ms (10 < ms < 2000)
                      00003 DelayMS MACRO ms
                      00004     movlw ms/.10
                      00005     pagesel delay10
                      00006     call delay10
                      00007     pagesel $
Warning[205]: Found directive in column 1. (ENDM)
                      00008 ENDM
                      00009 
                      00010 
                      00068 
Warning[205]: Found directive in column 1. (EXTERN)
  0000                00069 EXTERN delay10_R
                      00070     
                      00071 ;*******************************************************************************
                      00072 ; Configuration Word Setup
                      00073 ;*******************************************************************************
                      00074 
Warning[205]: Found directive in column 1. (__CONFIG)
0FFF   0F94           00075 __CONFIG _MCLRE_OFF & _CP_OFF & _WDT_OFF & _IOSCFS_OFF & _IntRC_OSC_RB4EN
                      00076 
                      00077 ;*******************************************************************************
                      00078 ; Variable Definitions
                      00079 ;*******************************************************************************
                      00080     UDATA_SHR
0000                  00081 digit res 1
MPASM 5.77  /USERS/GABRIELMILLER/MICROCHIPPR   3-28-2018  16:58:35         PAGE  3


LOC  OBJECT CODE     LINE SOURCE TEXT
  VALUE

                      00082 
                      00083 
                      00084 ;*******************************************************************************
                      00085 ; RC Calibration
                      00086 ;*******************************************************************************
                      00087     
                      00088 RCCAL CODE 0x3FF
03FF   0FFF           00089     res 1
                      00090     
                      00091 ;*******************************************************************************
                      00092 ; Reset Vector
                      00093 ;*******************************************************************************
                      00094 
                      00095 RES_VECT  CODE    0x0000            ; processor reset vector
Warning[203]: Found opcode in column 1. (movwf)
0000   0025           00096 movwf OSCCAL
0001   ????           00097     pagesel START
0002   0A??           00098     GOTO    START                   ; go to beginning of program
                      00099     
                      00100 ;*******************************************************************************
                      00101 ; Subroutine Vector
                      00102 ;*******************************************************************************
                      00103     
0003                  00104 delay10
0003   ????           00105     pagesel delay10_R
0004   0A??           00106     goto delay10_R
                      00107 
0005                  00108 set7seg
0005   ????           00109     pagesel set7seg_R
0006   0A??           00110     goto set7seg_R
                      00111 
                      00112 ;*******************************************************************************
                      00113 ; MAIN PROGRAM
                      00114 ;*******************************************************************************
                      00115 
                      00116 MAIN_PROG CODE                      ; let linker place main program
                      00117 
0000                  00118 START
0000   0040           00119     clrw
0001   0006           00120     tris PORTB
0002   0007           00121     tris PORTC
0003   0069           00122     clrf ADCON0
0004   0468           00123     bcf CM1CON0,C1ON
0005   046B           00124     bcf CM2CON0,C2ON
                      00125     
0006   00??           00126     clrf digit
0007                  00127 main_loop
0007   ????           00128     pagesel set7seg
0008   09??           00129     call set7seg
                      00130     
                      00131     DelayMS 1000
Warning[202]: Argument out of range.  Least significant bits used.
0009   0C99               M     movlw 1000/.10
MPASM 5.77  /USERS/GABRIELMILLER/MICROCHIPPR   3-28-2018  16:58:35         PAGE  4


LOC  OBJECT CODE     LINE SOURCE TEXT
  VALUE

000A   ????               M     pagesel delay10
000B   09??               M     call delay10
000C   ????               M     pagesel $
                      00132     
000D   02??           00133     incf digit,f
000E   0C0A           00134     movlw .10
000F   01??           00135     xorwf digit,w
0010   0643           00136     btfsc STATUS,Z
0011   00??           00137     clrf digit
                      00138     
0012   ????           00139     pagesel main_loop
0013   0A??           00140     goto main_loop
                      00141       
                      00142 ;*******************************************************************************
                      00143 ; Lookup Tables
                      00144 ;*******************************************************************************
                      00145 TABLES  CODE  0x200 
                      00146     
Warning[207]: Found label after column 1. (get7sB)
0200   01E2           00147   get7sB addwf PCL,f
0201   0812           00148     retlw b'010010' ;0
0202   0800           00149     retlw b'000000' ;1
0203   0811           00150     retlw b'010001' ;2
0204   0801           00151     retlw b'000001' ;3
0205   0803           00152     retlw b'000011' ;4
0206   0803           00153     retlw b'000011' ;5
0207   0813           00154     retlw b'010011' ;6
0208   0800           00155     retlw b'000000' ;7
0209   0813           00156     retlw b'010011' ;8
020A   0803           00157     retlw b'000011' ;9
                      00158     
Warning[207]: Found label after column 1. (get7sC)
020B   01E2           00159   get7sC addwf PCL,f
020C   081E 0814 080E 00160     dt b'011110',b'010100',b'001110',b'011110',b'010100' ; 0,1,2,3,4 
       081E 0814 
0211   081A 081A 0816 00161     dt b'011010',b'011010',b'010110',b'011110',b'011110' ; 5,6,7,8,9
       081E 081E 
                      00162     
Warning[207]: Found label after column 1. (set7seg_R)
0216                  00163   set7seg_R 
0216   02??           00164     movf digit,w
0217   09??           00165     call get7sB
0218   0026           00166     movwf PORTB
0219   02??           00167     movf digit,w
021A   09??           00168     call get7sC
021B   0027           00169     movwf PORTC
021C   0800           00170     retlw 0
                      00171         
0F94                  00172     END
MPASM 5.77  /USERS/GABRIELMILLER/MICROCHIPPR   3-28-2018  16:58:35         PAGE  5


SYMBOL TABLE
  LABEL                             VALUE 

ADCON0                            00000009
ADCS0                             00000004
ADCS1                             00000005
ADON                              00000000
ADRES                             0000000A
ANS0                              00000006
ANS1                              00000007
C                                 00000000
C1NREF                            00000002
C1ON                              00000003
C1OUT                             00000007
C1POL                             00000005
C1PREF                            00000001
C2NREF                            00000002
C2ON                              00000003
C2OUT                             00000007
C2POL                             00000005
C2PREF1                           00000001
C2PREF2                           00000004
CAL0                              00000001
CAL1                              00000002
CAL2                              00000003
CAL3                              00000004
CAL4                              00000005
CAL5                              00000006
CAL6                              00000007
CHS0                              00000002
CHS1                              00000003
CM1CON0                           00000008
CM2CON0                           0000000B
CWUF                              00000006
DC                                00000001
DelayMS                           
F                                 00000001
FSR                               00000004
GO                                00000001
GO_NOT_DONE                       00000001
INDF                              00000000
NOT_C1OUTEN                       00000006
NOT_C1T0CS                        00000004
NOT_C1WU                          00000000
NOT_C2OUTEN                       00000006
NOT_C2WU                          00000000
NOT_DONE                          00000001
NOT_GPPU                          00000006
NOT_GPWU                          00000007
NOT_PD                            00000003
NOT_RBPU                          00000006
NOT_RBWU                          00000007
NOT_TO                            00000004
OSCCAL                            00000005
PA0                               00000005
PCL                               00000002
MPASM 5.77  /USERS/GABRIELMILLER/MICROCHIPPR   3-28-2018  16:58:35         PAGE  6


SYMBOL TABLE
  LABEL                             VALUE 

PORTB                             00000006
PORTC                             00000007
PS0                               00000000
PS1                               00000001
PS2                               00000002
PSA                               00000003
RB0                               00000000
RB1                               00000001
RB2                               00000002
RB3                               00000003
RB4                               00000004
RB5                               00000005
RBWUF                             00000007
RC0                               00000000
RC1                               00000001
RC2                               00000002
RC3                               00000003
RC4                               00000004
RC5                               00000005
START                             00000000
STATUS                            00000003
T0CS                              00000005
T0SE                              00000004
TMR0                              00000001
TRISB0                            00000000
TRISB1                            00000001
TRISB2                            00000002
TRISB3                            00000003
TRISB4                            00000004
TRISB5                            00000005
TRISC0                            00000000
TRISC1                            00000001
TRISC2                            00000002
TRISC3                            00000003
TRISC4                            00000004
TRISC5                            00000005
VR0                               00000000
VR1                               00000001
VR2                               00000002
VR3                               00000003
VRCON                             0000000C
VREN                              00000007
VROE                              00000006
VRR                               00000005
W                                 00000000
Z                                 00000002
_CONFIG                           00000FFF
_CP_OFF                           00000FFF
_CP_ON                            00000FEF
_EC_OSC                           00000FFB
_ExtRC_OSC_CLKOUTEN               00000FFF
_ExtRC_OSC_RB4EN                  00000FFE
_HS_OSC                           00000FFA
MPASM 5.77  /USERS/GABRIELMILLER/MICROCHIPPR   3-28-2018  16:58:35         PAGE  7


SYMBOL TABLE
  LABEL                             VALUE 

_IDLOC0                           00000400
_IDLOC1                           00000401
_IDLOC2                           00000402
_IDLOC3                           00000403
_IOSCFS_OFF                       00000FBF
_IOSCFS_ON                        00000FFF
_IntRC_OSC_CLKOUTEN               00000FFD
_IntRC_OSC_RB4EN                  00000FFC
_LP_OSC                           00000FF8
_MAIN_PROG_000C                   0000000C
_MCLRE_OFF                        00000FDF
_MCLRE_ON                         00000FFF
_OSC_EC                           00000FFB
_OSC_ExtRC_CLKOUTEN               00000FFF
_OSC_ExtRC_RB4EN                  00000FFE
_OSC_HS                           00000FFA
_OSC_IntRC_CLKOUTEN               00000FFD
_OSC_IntRC_RB4EN                  00000FFC
_OSC_LP                           00000FF8
_OSC_XT                           00000FF9
_WDT_OFF                          00000FF7
_WDT_ON                           00000FFF
_XT_OSC                           00000FF9
__16F506                          00000001
delay10                           00000003
delay10_R                         00000000
digit                             00000000
get7sB                            00000200
get7sC                            0000020B
main_loop                         00000007
set7seg                           00000005
set7seg_R                         00000216

Errors   :     0
Warnings :     9 reported,     0 suppressed
Messages :     0 reported,     0 suppressed

