MPASM 5.77  /USERS/GABRIELMILLER/MPLABXPROJE   3-24-2018  13:46:56         PAGE  1


LOC  OBJECT CODE     LINE SOURCE TEXT
  VALUE

                      00001 ;*******************************************************************************
                      00002 ;                                                                              *
                      00003 ;    Microchip licenses this software to you solely for use with Microchip     *
                      00004 ;    products. The software is owned by Microchip and/or its licensors, and is *
                      00005 ;    protected under applicable copyright laws.  All rights reserved.          *
                      00006 ;                                                                              *
                      00007 ;    This software and any accompanying information is for suggestion only.    *
                      00008 ;    It shall not be deemed to modify Microchip?s standard warranty for its    *
                      00009 ;    products.  It is your responsibility to ensure that this software meets   *
                      00010 ;    your requirements.                                                        *
                      00011 ;                                                                              *
                      00012 ;    SOFTWARE IS PROVIDED "AS IS".  MICROCHIP AND ITS LICENSORS EXPRESSLY      *
                      00013 ;    DISCLAIM ANY WARRANTY OF ANY KIND, WHETHER EXPRESS OR IMPLIED, INCLUDING  *
                      00014 ;    BUT NOT LIMITED TO, THE IMPLIED WARRANTIES OF MERCHANTABILITY, FITNESS    *
                      00015 ;    FOR A PARTICULAR PURPOSE, OR NON-INFRINGEMENT. IN NO EVENT SHALL          *
                      00016 ;    MICROCHIP OR ITS LICENSORS BE LIABLE FOR ANY INCIDENTAL, SPECIAL,         *
                      00017 ;    INDIRECT OR CONSEQUENTIAL DAMAGES, LOST PROFITS OR LOST DATA, HARM TO     *
                      00018 ;    YOUR EQUIPMENT, COST OF PROCUREMENT OF SUBSTITUTE GOODS, TECHNOLOGY OR    *
                      00019 ;    SERVICES, ANY CLAIMS BY THIRD PARTIES (INCLUDING BUT NOT LIMITED TO ANY   *
                      00020 ;    DEFENSE THEREOF), ANY CLAIMS FOR INDEMNITY OR CONTRIBUTION, OR OTHER      *
                      00021 ;    SIMILAR COSTS.                                                            *
                      00022 ;                                                                              *
                      00023 ;    To the fullest extend allowed by law, Microchip and its licensors         *
                      00024 ;    liability shall not exceed the amount of fee, if any, that you have paid  *
                      00025 ;    directly to Microchip to use this software.                               *
                      00026 ;                                                                              *
                      00027 ;    MICROCHIP PROVIDES THIS SOFTWARE CONDITIONALLY UPON YOUR ACCEPTANCE OF    *
                      00028 ;    THESE TERMS.                                                              *
                      00029 ;                                                                              *
                      00030 ;*******************************************************************************
                      00031 ;                                                                              *
                      00032 ;    Filename: ButtonBaselineAsm.asm                                                                *
                      00033 ;    Date: 3/24/18                                                                    *
                      00034 ;    File Version: 0.1                                                            *
                      00035 ;    Author: Gabriel Miller                                                                   *
                      00036 ;    Company:                                                                  *
                      00037 ;    Description: Toggles LED                                                             *
                      00038 ;                                                                              *
                      00039 ;*******************************************************************************
                      00040 ;                                                                              *
                      00041 ;    Notes: In the MPLAB X Help, refer to the MPASM Assembler documentation    *
                      00042 ;    for information on assembly instructions.                                 *
                      00043 ;                                                                              *
                      00044 ;*******************************************************************************
                      00045 ;                                                                              *
                      00046 ;    Known Issues: This template is designed for relocatable code.  As such,   *
                      00047 ;    build errors such as "Directive only allowed when generating an object    *
                      00048 ;    file" will result when the 'Build in Absolute Mode' checkbox is selected  *
                      00049 ;    in the project properties.  Designing code in absolute mode is            *
                      00050 ;    antiquated - use relocatable mode.                                        *
                      00051 ;                                                                              *
                      00052 ;*******************************************************************************
                      00053 ;                                                                              *
MPASM 5.77  /USERS/GABRIELMILLER/MPLABXPROJE   3-24-2018  13:46:56         PAGE  2


LOC  OBJECT CODE     LINE SOURCE TEXT
  VALUE

                      00054 ;    Revision History:                                                         *
                      00055 ;                                                                              *
                      00056 ;*******************************************************************************
                      00057 
                      00058 
                      00059 
                      00060 ;*******************************************************************************
                      00061 ; Processor Inclusion
                      00062 ;*******************************************************************************
                      00063 
Warning[205]: Found directive in column 1. (list)
                      00064 list p=12F509
                      00065 #include <p12F509.inc>
                      00001         LIST
                      00002 
                      00003 ;==========================================================================
                      00004 ; Build date : Nov 22 2017
                      00005 ;  MPASM PIC12F509 processor include
                      00006 ; 
                      00007 ;  (c) Copyright 1999-2017 Microchip Technology, All rights reserved
                      00008 ;==========================================================================
                      00009 
                      00157         LIST
                      00066 
Warning[205]: Found directive in column 1. (__CONFIG)
0FFF   0FEA           00067 __CONFIG _MCLRE_OFF & _CP_OFF & _WDT_OFF & _IntRC_OSC
                      00068 
                      00069 ;*******************************************************************************
                      00070 ; Variable Definitions
                      00071 ;*******************************************************************************
                      00072 
                      00073     UDATA_SHR
0000                  00074 sGPIO   res 1
                      00075 
                      00076     UDATA
0000                  00077 db_cnt  res 1
0001                  00078 dc1     res 1
                      00079 
                      00080         
                      00081 ;*******************************************************************************
                      00082 ; Variable Definitions
                      00083 ;*******************************************************************************
                      00084         
                      00085 RCCAL CODE 0x3FF
03FF   0FFF           00086     res 1
                      00087 
                      00088 ;*******************************************************************************
                      00089 ; Reset Vector
                      00090 ;*******************************************************************************
                      00091 
                      00092 RES_VECT  CODE    0x0000            ; processor reset vector
Warning[203]: Found opcode in column 1. (movwf)
0000   0025           00093 movwf OSCCAL
MPASM 5.77  /USERS/GABRIELMILLER/MPLABXPROJE   3-24-2018  13:46:56         PAGE  3


LOC  OBJECT CODE     LINE SOURCE TEXT
  VALUE

Warning[203]: Found opcode in column 1. (GOTO)
0001   0A??           00094 GOTO    START                   ; go to beginning of program
                      00095 
                      00096 ;*******************************************************************************
                      00097 ; MAIN PROGRAM
                      00098 ;*******************************************************************************
                      00099 
                      00100 MAIN_PROG CODE                      ; let linker place main program
                      00101 
0000                  00102 START
0000   0066           00103     clrf GPIO
0001   00??           00104     clrf sGPIO
0002   0C3D           00105     movlw b'111101'
0003   0006           00106     tris GPIO
                      00107     
0004                  00108 main_loop
0004   ???? ????      00109     banksel db_cnt
                      00110     
                      00111     ; wait for button press, debounce 
0006   0C0D           00112 db_dn movlw .13
0007   00??           00113     movwf db_cnt
0008   00??           00114     clrf dc1
0009   03??           00115 dn_dly incfsz dc1,f
000A   0A??           00116     goto dn_dly
000B   0666           00117     btfsc GPIO,3
000C   0A??           00118     goto db_dn
000D   02??           00119     decfsz db_cnt,f
000E   0A??           00120     goto dn_dly
                      00121     
                      00122     ; Toggle LED on pin GP1
000F   02??           00123     movf sGPIO,w
0010   0F02           00124     xorlw b'000010'
0011   00??           00125     movwf sGPIO
0012   0026           00126     movwf GPIO
                      00127     
0013   0C0D           00128 db_up movlw .13
0014   00??           00129     movwf db_cnt
0015   00??           00130     clrf dc1
0016   03??           00131 up_dly incfsz dc1,f
0017   0A??           00132     goto up_dly
0018   0766           00133     btfss GPIO,3
0019   0A??           00134     goto db_up
001A   02??           00135     decfsz db_cnt,f
001B   0A??           00136     goto up_dly
                      00137     
001C   0A??           00138     goto main_loop
                      00139     
0FEA                  00140     END
MPASM 5.77  /USERS/GABRIELMILLER/MPLABXPROJE   3-24-2018  13:46:56         PAGE  4


SYMBOL TABLE
  LABEL                             VALUE 

C                                 00000000
CAL0                              00000001
CAL1                              00000002
CAL2                              00000003
CAL3                              00000004
CAL4                              00000005
CAL5                              00000006
CAL6                              00000007
DC                                00000001
F                                 00000001
FSR                               00000004
GP0                               00000000
GP1                               00000001
GP2                               00000002
GP3                               00000003
GP4                               00000004
GP5                               00000005
GPIO                              00000006
GPWUF                             00000007
INDF                              00000000
NOT_GPPU                          00000006
NOT_GPWU                          00000007
NOT_PD                            00000003
NOT_TO                            00000004
OSCCAL                            00000005
PA0                               00000005
PCL                               00000002
PS0                               00000000
PS1                               00000001
PS2                               00000002
PSA                               00000003
START                             00000000
STATUS                            00000003
T0CS                              00000005
T0SE                              00000004
TMR0                              00000001
TRISIO0                           00000000
TRISIO1                           00000001
TRISIO2                           00000002
TRISIO3                           00000003
TRISIO4                           00000004
TRISIO5                           00000005
W                                 00000000
Z                                 00000002
_CONFIG                           00000FFF
_CP_OFF                           00000FFF
_CP_ON                            00000FF7
_ExtRC_OSC                        00000FFF
_IDLOC0                           00000400
_IDLOC1                           00000401
_IDLOC2                           00000402
_IDLOC3                           00000403
_IntRC_OSC                        00000FFE
MPASM 5.77  /USERS/GABRIELMILLER/MPLABXPROJE   3-24-2018  13:46:56         PAGE  5


SYMBOL TABLE
  LABEL                             VALUE 

_LP_OSC                           00000FFC
_MCLRE_OFF                        00000FEF
_MCLRE_ON                         00000FFF
_OSC_ExtRC                        00000FFF
_OSC_IntRC                        00000FFE
_OSC_LP                           00000FFC
_OSC_XT                           00000FFD
_WDT_OFF                          00000FFB
_WDT_ON                           00000FFF
_XT_OSC                           00000FFD
__12F509                          00000001
db_cnt                            00000000
db_dn                             00000006
db_up                             00000013
dc1                               00000001
dn_dly                            00000009
main_loop                         00000004
sGPIO                             00000000
up_dly                            00000016

Errors   :     0
Warnings :     4 reported,     0 suppressed
Messages :     0 reported,     0 suppressed

