MPASM 5.77  /USERS/GABRIELMILLER/MICROCHIPPR   3-30-2018  20:42:42         PAGE  1


LOC  OBJECT CODE     LINE SOURCE TEXT
  VALUE

                      00001 ;*******************************************************************************
                      00002 ;                                                                              *
                      00003 ;    Microchip licenses this software to you solely for use with Microchip     *
                      00004 ;    products. The software is owned by Microchip and/or its licensors, and is *
                      00005 ;    protected under applicable copyright laws.  All rights reserved.          *
                      00006 ;                                                                              *
                      00007 ;    This software and any accompanying information is for suggestion only.    *
                      00008 ;    It shall not be deemed to modify Microchip?s standard warranty for its    *
                      00009 ;    products.  It is your responsibility to ensure that this software meets   *
                      00010 ;    your requirements.                                                        *
                      00011 ;                                                                              *
                      00012 ;    SOFTWARE IS PROVIDED "AS IS".  MICROCHIP AND ITS LICENSORS EXPRESSLY      *
                      00013 ;    DISCLAIM ANY WARRANTY OF ANY KIND, WHETHER EXPRESS OR IMPLIED, INCLUDING  *
                      00014 ;    BUT NOT LIMITED TO, THE IMPLIED WARRANTIES OF MERCHANTABILITY, FITNESS    *
                      00015 ;    FOR A PARTICULAR PURPOSE, OR NON-INFRINGEMENT. IN NO EVENT SHALL          *
                      00016 ;    MICROCHIP OR ITS LICENSORS BE LIABLE FOR ANY INCIDENTAL, SPECIAL,         *
                      00017 ;    INDIRECT OR CONSEQUENTIAL DAMAGES, LOST PROFITS OR LOST DATA, HARM TO     *
                      00018 ;    YOUR EQUIPMENT, COST OF PROCUREMENT OF SUBSTITUTE GOODS, TECHNOLOGY OR    *
                      00019 ;    SERVICES, ANY CLAIMS BY THIRD PARTIES (INCLUDING BUT NOT LIMITED TO ANY   *
                      00020 ;    DEFENSE THEREOF), ANY CLAIMS FOR INDEMNITY OR CONTRIBUTION, OR OTHER      *
                      00021 ;    SIMILAR COSTS.                                                            *
                      00022 ;                                                                              *
                      00023 ;    To the fullest extend allowed by law, Microchip and its licensors         *
                      00024 ;    liability shall not exceed the amount of fee, if any, that you have paid  *
                      00025 ;    directly to Microchip to use this software.                               *
                      00026 ;                                                                              *
                      00027 ;    MICROCHIP PROVIDES THIS SOFTWARE CONDITIONALLY UPON YOUR ACCEPTANCE OF    *
                      00028 ;    THESE TERMS.                                                              *
                      00029 ;                                                                              *
                      00030 ;*******************************************************************************
                      00031 ;                                                                              *
                      00032 ;    Filename: HexDisplayBaselineAsm.asm                                                                
                             *
                      00033 ;    Date: 3/24/18                                                                    *
                      00034 ;    File Version: 0.1                                                             *
                      00035 ;    Author: Gabriel Miller                                                                   *
                      00036 ;    Company:                                                                  *
                      00037 ;    Description:                                                              *
                      00038 ;                                                                              *
                      00039 ;*******************************************************************************
                      00040 ;                                                                              *
                      00041 ;    Notes: In the MPLAB X Help, refer to the MPASM Assembler documentation    *
                      00042 ;    for information on assembly instructions.                                 *
                      00043 ;                                                                              *
                      00044 ;*******************************************************************************
                      00045 ;                                                                              *
                      00046 ;    Known Issues: This template is designed for relocatable code.  As such,   *
                      00047 ;    build errors such as "Directive only allowed when generating an object    *
                      00048 ;    file" will result when the 'Build in Absolute Mode' checkbox is selected  *
                      00049 ;    in the project properties.  Designing code in absolute mode is            *
                      00050 ;    antiquated - use relocatable mode.                                        *
                      00051 ;                                                                              *
                      00052 ;*******************************************************************************
MPASM 5.77  /USERS/GABRIELMILLER/MICROCHIPPR   3-30-2018  20:42:42         PAGE  2


LOC  OBJECT CODE     LINE SOURCE TEXT
  VALUE

                      00053 ;                                                                              *
                      00054 ;    Revision History:                                                         *
                      00055 ;                                                                              *
                      00056 ;*******************************************************************************
                      00057 
                      00058 
                      00059 
                      00060 ;*******************************************************************************
                      00061 ; Processor Inclusion
                      00062 ;*******************************************************************************
                      00063 
Warning[205]: Found directive in column 1. (list)
                      00064 list p=16F506
                      00065 #include <p16F506.inc>
                      00001         LIST
                      00002 
                      00003 ;==========================================================================
                      00004 ; Build date : Nov 22 2017
                      00005 ;  MPASM PIC16F506 processor include
                      00006 ; 
                      00007 ;  (c) Copyright 1999-2017 Microchip Technology, All rights reserved
                      00008 ;==========================================================================
                      00009 
                      00243         LIST
                      00066     
                      00067 ;*******************************************************************************
                      00068 ; Configuration Word Setup
                      00069 ;*******************************************************************************
                      00070 
Warning[205]: Found directive in column 1. (__CONFIG)
0FFF   0FB4           00071 __CONFIG _MCLRE_ON & _CP_OFF & _WDT_OFF & _IOSCFS_OFF & _IntRC_OSC_RB4EN
                      00072     
                      00073 #define TENS_EN PORTC,5
                      00074 #define ONES_EN PORTB,5
                      00075 
                      00076 ;*******************************************************************************
                      00077 ; Variable Definitions
                      00078 ;*******************************************************************************
                      00079     UDATA
0000                  00080 temp res 1
0001                  00081 adc_out res 1
0002                  00082 adc_dec res 2
0004                  00083 mpy_cnt res 1
0005                  00084 tens res 1
0006                  00085 ones res 1
                      00086  
                      00087 
                      00088 ;*******************************************************************************
                      00089 ; RC Calibration
                      00090 ;*******************************************************************************
                      00091     
                      00092 RCCAL CODE 0x3FF
03FF   0FFF           00093     res 1
MPASM 5.77  /USERS/GABRIELMILLER/MICROCHIPPR   3-30-2018  20:42:42         PAGE  3


LOC  OBJECT CODE     LINE SOURCE TEXT
  VALUE

                      00094     
                      00095 ;*******************************************************************************
                      00096 ; Reset Vector
                      00097 ;*******************************************************************************
                      00098 
                      00099 RES_VECT  CODE    0x0000            ; processor reset vector
Warning[203]: Found opcode in column 1. (movwf)
0000   0025           00100 movwf OSCCAL
0001   ????           00101   pagesel START
0002   0A??           00102     GOTO    START                   ; go to beginning of program
                      00103     
                      00104 ;***** Subroutine vectors
0003                  00105 set7seg
0003   ????           00106     pagesel set7seg_R
0004   0A??           00107     goto set7seg_R
                      00108 
                      00109 ;*******************************************************************************
                      00110 ; MAIN PROGRAM
                      00111 ;*******************************************************************************
                      00112 
                      00113 MAIN_PROG CODE                      ; let linker place main program
                      00114 
0000                  00115 START
                      00116 
0000   0040           00117     clrw
0001   0006           00118     tris PORTB
0002   0007           00119     tris PORTC
0003   0068           00120     clrf CM1CON0
0004   006B           00121     clrf CM2CON0
0005   006C           00122     clrf VRCON
                      00123     
0006   0C79           00124     movlw b'01111001'
0007   0029           00125     movwf ADCON0
                      00126     
0008   0CD7           00127     movlw b'11010111'
0009   0002           00128     option
000A                  00129 main_loop
000A   0529           00130     bsf ADCON0,GO
000B   0629           00131 w_adc btfsc ADCON0,NOT_DONE
000C   0A??           00132     goto w_adc
000D   020A           00133     movf ADRES,w
000E   ???? ????      00134     banksel adc_out
0010   00??           00135     movwf adc_out
                      00136     
0011   00??           00137     clrf adc_dec
0012   00??           00138     clrf adc_dec+1
0013   0C08           00139     movlw .8
0014   00??           00140     movwf mpy_cnt
0015   0C64           00141     movlw .100
0016   0403           00142     bcf STATUS,C
0017   03??           00143 l_mpy rrf adc_out,f
0018   0603           00144     btfsc STATUS,C
0019   01??           00145     addwf adc_dec+1,f
MPASM 5.77  /USERS/GABRIELMILLER/MICROCHIPPR   3-30-2018  20:42:42         PAGE  4


LOC  OBJECT CODE     LINE SOURCE TEXT
  VALUE

001A   03??           00146     rrf adc_dec+1,f
001B   03??           00147     rrf adc_dec,f
001C   02??           00148     decfsz mpy_cnt,f
001D   0A??           00149     goto l_mpy
                      00150     
001E   02??           00151     movf adc_dec+1,w
001F   00??           00152     movwf ones
0020   00??           00153     clrf tens
0021   0C0A           00154 l_bcd movlw .10
0022   00??           00155     subwf ones,w
0023   0703           00156     btfss STATUS,C
0024   0A??           00157     goto end_bcd
0025   00??           00158     movwf ones
0026   02??           00159     incf tens,f
0027   0A??           00160     goto l_bcd
0028                  00161 end_bcd
                      00162     
0028   0741           00163 w10_hi btfss TMR0,2
0029   0A??           00164     goto w10_hi
002A   02??           00165     movf tens,w
002B   ????           00166     pagesel set7seg
002C   09??           00167     call set7seg
002D   ????           00168     pagesel $
002E   05A7           00169     bsf TENS_EN
002F   0641           00170 w10_lo btfsc TMR0,2
0030   0A??           00171     goto w10_lo
0031   0741           00172 w1_hi btfss TMR0,2
0032   0A??           00173     goto w1_hi
0033   02??           00174     movf ones,w
0034   ????           00175     pagesel set7seg
0035   09??           00176     call set7seg
0036   ????           00177     pagesel $
0037   05A6           00178     bsf ONES_EN
0038   0641           00179 w1_lo btfsc TMR0,2
0039   0A??           00180     goto w1_lo
                      00181     
003A   0A??           00182     goto main_loop
                      00183     
                      00184 ;Lookup Tables 
                      00185 TABLES CODE 0x200
                      00186  
0200   01E2           00187 get7sB addwf PCL,f
0201   0812           00188     retlw b'010010'
0202   0800           00189     retlw b'000000'
0203   0811           00190     retlw b'010001'
0204   0801           00191     retlw b'000001'
0205   0803           00192     retlw b'000011' ;0,1,2,3,4
0206   0803           00193     retlw b'000011'
0207   0813           00194     retlw b'010011'
0208   0800           00195     retlw b'000000'
0209   0813           00196     retlw b'010011'
020A   0803           00197     retlw b'000011' ;5,6,7,8,9
020B   0813           00198     retlw b'010011'
MPASM 5.77  /USERS/GABRIELMILLER/MICROCHIPPR   3-30-2018  20:42:42         PAGE  5


LOC  OBJECT CODE     LINE SOURCE TEXT
  VALUE

020C   0813           00199     retlw b'010011'
020D   0812           00200     retlw b'010010'
020E   0811           00201     retlw b'010001'
020F   0813           00202     retlw b'010011'
0210   0813           00203     retlw b'010011' ;A,b,C,d,E,F
                      00204 
0211   01E2           00205 get7sC addwf PCL,f
0212   081E 0814 080E 00206     dt b'011110', b'010100', b'001110', b'011110', b'010100' ;0,1,2,3,4
       081E 0814 
0217   081A 081A 0816 00207     dt b'011010', b'011010', b'010110', b'011110', b'011110' ;5,6,7,8,9
       081E 081E 
021C   0816 0818 080A 00208     dt b'010110', b'011000', b'001010', b'011100', b'001010', b'000010' ;A,b,C,d,E,F
       081C 080A 0802 
0222                  00209 set7seg_R
0222   0066           00210     clrf PORTB
0223   0067           00211     clrf PORTC
                      00212     
0224   00??           00213     movwf temp
0225   09??           00214     call get7sB
0226   0026           00215     movwf PORTB
0227   02??           00216     movf temp,w
0228   09??           00217     call get7sC
0229   0027           00218     movwf PORTC
022A   0800           00219     retlw 0
                      00220 
0FB4                  00221     END
MPASM 5.77  /USERS/GABRIELMILLER/MICROCHIPPR   3-30-2018  20:42:42         PAGE  6


SYMBOL TABLE
  LABEL                             VALUE 

ADCON0                            00000009
ADCS0                             00000004
ADCS1                             00000005
ADON                              00000000
ADRES                             0000000A
ANS0                              00000006
ANS1                              00000007
C                                 00000000
C1NREF                            00000002
C1ON                              00000003
C1OUT                             00000007
C1POL                             00000005
C1PREF                            00000001
C2NREF                            00000002
C2ON                              00000003
C2OUT                             00000007
C2POL                             00000005
C2PREF1                           00000001
C2PREF2                           00000004
CAL0                              00000001
CAL1                              00000002
CAL2                              00000003
CAL3                              00000004
CAL4                              00000005
CAL5                              00000006
CAL6                              00000007
CHS0                              00000002
CHS1                              00000003
CM1CON0                           00000008
CM2CON0                           0000000B
CWUF                              00000006
DC                                00000001
F                                 00000001
FSR                               00000004
GO                                00000001
GO_NOT_DONE                       00000001
INDF                              00000000
NOT_C1OUTEN                       00000006
NOT_C1T0CS                        00000004
NOT_C1WU                          00000000
NOT_C2OUTEN                       00000006
NOT_C2WU                          00000000
NOT_DONE                          00000001
NOT_GPPU                          00000006
NOT_GPWU                          00000007
NOT_PD                            00000003
NOT_RBPU                          00000006
NOT_RBWU                          00000007
NOT_TO                            00000004
ONES_EN                           PORTB,5
OSCCAL                            00000005
PA0                               00000005
PCL                               00000002
MPASM 5.77  /USERS/GABRIELMILLER/MICROCHIPPR   3-30-2018  20:42:42         PAGE  7


SYMBOL TABLE
  LABEL                             VALUE 

PORTB                             00000006
PORTC                             00000007
PS0                               00000000
PS1                               00000001
PS2                               00000002
PSA                               00000003
RB0                               00000000
RB1                               00000001
RB2                               00000002
RB3                               00000003
RB4                               00000004
RB5                               00000005
RBWUF                             00000007
RC0                               00000000
RC1                               00000001
RC2                               00000002
RC3                               00000003
RC4                               00000004
RC5                               00000005
START                             00000000
STATUS                            00000003
T0CS                              00000005
T0SE                              00000004
TENS_EN                           PORTC,5
TMR0                              00000001
TRISB0                            00000000
TRISB1                            00000001
TRISB2                            00000002
TRISB3                            00000003
TRISB4                            00000004
TRISB5                            00000005
TRISC0                            00000000
TRISC1                            00000001
TRISC2                            00000002
TRISC3                            00000003
TRISC4                            00000004
TRISC5                            00000005
VR0                               00000000
VR1                               00000001
VR2                               00000002
VR3                               00000003
VRCON                             0000000C
VREN                              00000007
VROE                              00000006
VRR                               00000005
W                                 00000000
Z                                 00000002
_CONFIG                           00000FFF
_CP_OFF                           00000FFF
_CP_ON                            00000FEF
_EC_OSC                           00000FFB
_ExtRC_OSC_CLKOUTEN               00000FFF
_ExtRC_OSC_RB4EN                  00000FFE
MPASM 5.77  /USERS/GABRIELMILLER/MICROCHIPPR   3-30-2018  20:42:42         PAGE  8


SYMBOL TABLE
  LABEL                             VALUE 

_HS_OSC                           00000FFA
_IDLOC0                           00000400
_IDLOC1                           00000401
_IDLOC2                           00000402
_IDLOC3                           00000403
_IOSCFS_OFF                       00000FBF
_IOSCFS_ON                        00000FFF
_IntRC_OSC_CLKOUTEN               00000FFD
_IntRC_OSC_RB4EN                  00000FFC
_LP_OSC                           00000FF8
_MAIN_PROG_002D                   0000002D
_MAIN_PROG_0036                   00000036
_MCLRE_OFF                        00000FDF
_MCLRE_ON                         00000FFF
_OSC_EC                           00000FFB
_OSC_ExtRC_CLKOUTEN               00000FFF
_OSC_ExtRC_RB4EN                  00000FFE
_OSC_HS                           00000FFA
_OSC_IntRC_CLKOUTEN               00000FFD
_OSC_IntRC_RB4EN                  00000FFC
_OSC_LP                           00000FF8
_OSC_XT                           00000FF9
_WDT_OFF                          00000FF7
_WDT_ON                           00000FFF
_XT_OSC                           00000FF9
__16F506                          00000001
adc_dec                           00000002
adc_out                           00000001
end_bcd                           00000028
get7sB                            00000200
get7sC                            00000211
l_bcd                             00000021
l_mpy                             00000017
main_loop                         0000000A
mpy_cnt                           00000004
ones                              00000006
set7seg                           00000003
set7seg_R                         00000222
temp                              00000000
tens                              00000005
w10_hi                            00000028
w10_lo                            0000002F
w1_hi                             00000031
w1_lo                             00000038
w_adc                             0000000B

Errors   :     0
Warnings :     3 reported,     0 suppressed
Messages :     0 reported,     0 suppressed

