MPASM 5.77  /USERS/GABRIELMILLER/MICROCHIPPR   3-24-2018  12:28:52         PAGE  1


LOC  OBJECT CODE     LINE SOURCE TEXT
  VALUE

                      00001 ; Architecture: Baseline PIC
                      00002 ; Processor: any
                      00003 
                      00004 ; Decription:
                      00005 ; N * 10ms (10ms - 2.55s)
                      00006 ; N sould be passed in W
                      00007     
                      00008     
                      00009 #include <p12F509.inc>
                      00001         LIST
                      00002 
                      00003 ;==========================================================================
                      00004 ; Build date : Nov 22 2017
                      00005 ;  MPASM PIC12F509 processor include
                      00006 ; 
                      00007 ;  (c) Copyright 1999-2017 Microchip Technology, All rights reserved
                      00008 ;==========================================================================
                      00009 
                      00157         LIST
                      00010 
Warning[205]: Found directive in column 1. (GLOBAL)
  0000                00011 GLOBAL delay10_R
                      00012  
                      00013 ; Variable Definitions
                      00014     UDATA
0000                  00015 dc1 res 1
0001                  00016 dc2 res 1
0002                  00017 dc3 res 1
                      00018  
                      00019 ; Subroutines
                      00020     CODE
                      00021 
0000                  00022 delay10_R
0000   ???? ????      00023     banksel dc3
0002   00??           00024     movwf dc3
Warning[207]: Found label after column 1. (dly2)
0003   0C0D           00025     dly2 movlw .13
0004   00??           00026     movwf dc2
0005   00??           00027     clrf dc1
Warning[207]: Found label after column 1. (dly1)
0006   02??           00028     dly1 decfsz dc1,f
0007   0A??           00029     goto dly1
                      00030  
0008   02??           00031     decfsz dc2,f
0009   0A??           00032     goto dly1
                      00033  
000A   02??           00034     decfsz dc3,f
000B   0A??           00035     goto dly2
                      00036  
000C   0800           00037     retlw 0
Warning[205]: Found directive in column 1. (END)
                      00038 END
MPASM 5.77  /USERS/GABRIELMILLER/MICROCHIPPR   3-24-2018  12:28:52         PAGE  2


SYMBOL TABLE
  LABEL                             VALUE 

C                                 00000000
CAL0                              00000001
CAL1                              00000002
CAL2                              00000003
CAL3                              00000004
CAL4                              00000005
CAL5                              00000006
CAL6                              00000007
DC                                00000001
F                                 00000001
FSR                               00000004
GP0                               00000000
GP1                               00000001
GP2                               00000002
GP3                               00000003
GP4                               00000004
GP5                               00000005
GPIO                              00000006
GPWUF                             00000007
INDF                              00000000
NOT_GPPU                          00000006
NOT_GPWU                          00000007
NOT_PD                            00000003
NOT_TO                            00000004
OSCCAL                            00000005
PA0                               00000005
PCL                               00000002
PS0                               00000000
PS1                               00000001
PS2                               00000002
PSA                               00000003
STATUS                            00000003
T0CS                              00000005
T0SE                              00000004
TMR0                              00000001
TRISIO0                           00000000
TRISIO1                           00000001
TRISIO2                           00000002
TRISIO3                           00000003
TRISIO4                           00000004
TRISIO5                           00000005
W                                 00000000
Z                                 00000002
_CONFIG                           00000FFF
_CP_OFF                           00000FFF
_CP_ON                            00000FF7
_ExtRC_OSC                        00000FFF
_IDLOC0                           00000400
_IDLOC1                           00000401
_IDLOC2                           00000402
_IDLOC3                           00000403
_IntRC_OSC                        00000FFE
_LP_OSC                           00000FFC
MPASM 5.77  /USERS/GABRIELMILLER/MICROCHIPPR   3-24-2018  12:28:52         PAGE  3


SYMBOL TABLE
  LABEL                             VALUE 

_MCLRE_OFF                        00000FEF
_MCLRE_ON                         00000FFF
_OSC_ExtRC                        00000FFF
_OSC_IntRC                        00000FFE
_OSC_LP                           00000FFC
_OSC_XT                           00000FFD
_WDT_OFF                          00000FFB
_WDT_ON                           00000FFF
_XT_OSC                           00000FFD
__12F509                          00000001
dc1                               00000000
dc2                               00000001
dc3                               00000002
delay10_R                         00000000
dly1                              00000006
dly2                              00000003

Errors   :     0
Warnings :     4 reported,     0 suppressed
Messages :     0 reported,     0 suppressed

