

Microchip Technology PIC LITE Macro Assembler V1.45 build -152302408 
                                                                                               Sat Mar 31 13:57:36 2018

Microchip Technology Omniscient Code Generator v1.45 (Free mode) build 201711160504
     1                           	processor	10F200
     2                           	opt	pw 120
     3                           	opt	lm
     4                           	psect	cinit,global,class=ENTRY,merge=1,delta=2
     5                           	psect	cstackCOMMON,global,class=COMMON,space=1,delta=1
     6                           	psect	cstackBANK0,global,class=BANK0,space=1,delta=1
     7                           	psect	maintext,global,class=CODE,split=1,delta=2
     8                           	dabs	1,0x1C,4
     9  0000                     
    10                           ; Version 1.45
    11                           ; Generated 16/11/2017 GMT
    12                           ; 
    13                           ; Copyright © 2017, Microchip Technology Inc. and its subsidiaries ("Microchip")
    14                           ; All rights reserved.
    15                           ; 
    16                           ; This software is developed by Microchip Technology Inc. and its subsidiaries ("Microch
      +                          ip").
    17                           ; 
    18                           ; Redistribution and use in source and binary forms, with or without modification, are
    19                           ; permitted provided that the following conditions are met:
    20                           ; 
    21                           ;     1. Redistributions of source code must retain the above copyright notice, this lis
      +                          t of
    22                           ;        conditions and the following disclaimer.
    23                           ; 
    24                           ;     2. Redistributions in binary form must reproduce the above copyright notice, this 
      +                          list
    25                           ;        of conditions and the following disclaimer in the documentation and/or other
    26                           ;        materials provided with the distribution.
    27                           ; 
    28                           ;     3. Microchip's name may not be used to endorse or promote products derived from th
      +                          is
    29                           ;        software without specific prior written permission.
    30                           ; 
    31                           ; THIS SOFTWARE IS PROVIDED BY MICROCHIP "AS IS" AND ANY EXPRESS OR IMPLIED WARRANTIES,
    32                           ; INCLUDING, BUT NOT LIMITED TO, THE IMPLIED WARRANTIES OF MERCHANTABILITY AND FITNESS F
      +                          OR
    33                           ; PURPOSE ARE DISCLAIMED.  IN NO EVENT SHALL MICROCHIP BE LIABLE FOR ANY DIRECT, INDIREC
      +                          T,
    34                           ; INCIDENTAL, SPECIAL, EXEMPLARY, OR CONSEQUENTIAL DAMAGES (INCLUDING BUT NOT LIMITED TO
    35                           ; PROCUREMENT OF SUBSTITUTE GOODS OR SERVICES; LOSS OF USE, DATA OR PROFITS; OR BUSINESS
    36                           ; INTERRUPTION) HOWSOEVER CAUSED AND ON ANY THEORY OF LIABILITY, WHETHER IN CONTRACT, ST
      +                          RICT
    37                           ; LIABILITY, OR TORT (INCLUDING NEGLIGENCE OR OTHERWISE) ARISING IN ANY WAY OUT OF THE U
      +                          SE OF
    38                           ; THIS SOFTWARE, EVEN IF ADVISED OF THE POSSIBILITY OF SUCH DAMAGE.
    39                           ; 
    40                           ; 
    41                           ; Code-generator required, PIC10F200 Definitions
    42                           ; 
    43                           ; SFR Addresses
    44  0000                     	;# 
    45  0001                     	;# 
    46  0002                     	;# 
    47  0003                     	;# 
    48  0004                     	;# 
    49  0005                     	;# 
    50  0006                     	;# 
    51  0006                     _GPIO	set	6
    52  0006                     _TRIS	set	6
    53                           
    54                           ; #config settings
    55  0000                     
    56                           	psect	cinit
    57  001                     start_initialization:	
    58  001                     __initialization:	
    59  001                     end_of_initialization:	
    60                           ;End of C runtime variable initialization code
    61                           
    62  001                     __end_of__initialization:	
    63  001  064                	clrf	4
    64  002  A03                	ljmp	_main	;jump to C main() function
    65                           
    66                           	psect	cstackCOMMON
    67  000                     __pcstackCOMMON:	
    68  000                     ??_main:	
    69                           
    70                           	psect	cstackBANK0
    71  000                     __pcstackBANK0:	
    72                           ; 1 bytes @ 0x0
    73                           
    74  000                     ?_main:	
    75                           
    76                           	psect	maintext
    77  003                     __pmaintext:	
    78                           ; 1 bytes @ 0x0
    79 ;;
    80 ;;Main: autosize = 0, tempsize = 0, incstack = 0, save=0
    81 ;;
    82 ;; *************** function _main *****************
    83 ;; Defined at:
    84 ;;		line 18 in file "LedOnBaselineC.c"
    85 ;; Parameters:    Size  Location     Type
    86 ;;		None
    87 ;; Auto vars:     Size  Location     Type
    88 ;;		None
    89 ;; Return value:  Size  Location     Type
    90 ;;                  1    8[None  ] void 
    91 ;; Registers used:
    92 ;;		wreg, fsr0l, fsr0h
    93 ;; Tracked objects:
    94 ;;		On entry : B00/0
    95 ;;		On exit  : 0/0
    96 ;;		Unchanged: 0/0
    97 ;; Data sizes:     COMMON   BANK0
    98 ;;      Params:         0       0
    99 ;;      Locals:         0       0
   100 ;;      Temps:          0       0
   101 ;;      Totals:         0       0
   102 ;;Total ram usage:        0 bytes
   103 ;; This function calls:
   104 ;;		Nothing
   105 ;; This function is called by:
   106 ;;		Startup code after reset
   107 ;; This function uses a non-reentrant model
   108 ;;
   109                           
   110                           
   111                           ;psect for function _main
   112  003                     _main:	
   113                           
   114                           ;LedOnBaselineC.c: 19: TRIS = 0b1101;
   115                           
   116                           ;incstack = 0
   117                           ; Regs used in _main: [wregfsr0]
   118  003  C0D                	movlw	13
   119  004  006                	tris	6
   120                           
   121                           ;LedOnBaselineC.c: 21: GPIO = 0b0010;
   122  005  C02                	movlw	2
   123  006  026                	movwf	6	;volatile
   124  007                     l9:	
   125                           ;LedOnBaselineC.c: 23: for (;;) {
   126                           
   127                           
   128                           ;LedOnBaselineC.c: 24: ;
   129                           ;LedOnBaselineC.c: 25: }
   130  007  A07                	goto	l9
   131  008                     __end_of_main:	
   132  001C                     btemp	set	28	;btemp
   133  001C                     wtemp0	set	28
   134  001E                     wtemp1	set	30
   135  001C                     ttemp0	set	28
   136  001C                     ltemp0	set	28


Data Sizes:
    Strings     0
    Constant    0
    Data        0
    BSS         0
    Persistent  0
    Stack       0

Auto Spaces:
    Space          Size  Autos    Used
    COMMON            0      0       0
    BANK0            14      0       0

Pointer List with Targets:

    None.

Critical Paths under _main in COMMON

    None.

Critical Paths under _main in BANK0

    None.

Call Graph Tables:

 ---------------------------------------------------------------------------------
 (Depth) Function   	        Calls       Base Space   Used Autos Params    Refs
 ---------------------------------------------------------------------------------
 (0) _main                                                 0     0      0       0
 ---------------------------------------------------------------------------------
 Estimated maximum stack depth 0
 ---------------------------------------------------------------------------------

 Call Graph Graphs:

 _main (ROOT)

 Address spaces:
Name               Size   Autos  Total    Cost      Usage
BITCOMMON            0      0       0       0        0.0%
NULL                 0      0       0       0        0.0%
CODE                 0      0       0       0        0.0%
BITSFR0              0      0       0       1        0.0%
SFR0                 0      0       0       1        0.0%
COMMON               0      0       0       1        0.0%
STACK                0      0       0       2        0.0%
BANK0                E      0       0       3        0.0%
ABS                  0      0       0       4        0.0%
DATA                 0      0       0       5        0.0%
BITBANK0             E      0       0       6        0.0%


Microchip Technology PIC Macro Assembler V1.45 build -152302408 
Symbol Table                                                                                   Sat Mar 31 13:57:36 2018

                      l9 0007              __CFG_CP$OFF 0000                       fsr 0004  
                   _GPIO 0006                     _TRIS 0006                     _main 0003  
                   btemp 001C                     start 0000            __CFG_MCLRE$ON 0000  
                  ?_main 0000            __CFG_WDTE$OFF 0000                    ltemp0 001C  
                  ttemp0 001C                    wtemp0 001C                    wtemp1 001E  
        __initialization 0001             __end_of_main 0008                   ??_main 0000  
__end_of__initialization 0001           __pcstackCOMMON 0000               __pmaintext 0003  
   end_of_initialization 0001      start_initialization 0001                ___latbits 0000  
          __pcstackBANK0 0000            __size_of_main 0005  
